Array
(
    [totalPrice] => 0.5
    [cart] => Array
        (
            [0] => Array
                (
                    [seat_id] => seat_6787f82b51c262.65890411
                    [label] => Regular
                    [price] => 0
                )

            [1] => Array
                (
                    [seat_id] => seat_6787f82b50e666.95624856
                    [label] => 2 vip
                    [price] => 0.5
                )

        )

    [paymentToken] => 2b0c01483f47e29afab6f62d30e614c8
    [transactionId] => uvJqWzAnsT6BahP
)
Array
(
    [totalPrice] => 0.5
    [cart] => Array
        (
            [0] => Array
                (
                    [seat_id] => seat_6787f82b51c262.65890411
                    [label] => Regular
                    [price] => 0
                )

            [1] => Array
                (
                    [seat_id] => seat_6787f82b50e666.95624856
                    [label] => 2 vip
                    [price] => 0.5
                )

        )

    [paymentToken] => 544583b3279eff62a9173d851a243758
    [transactionId] => Hmx7cMhG32609RY
)
Array
(
    [totalPrice] => 0.5
    [cart] => Array
        (
            [0] => Array
                (
                    [seat_id] => seat_6787f82b51c262.65890411
                    [label] => Regular
                    [price] => 0
                )

            [1] => Array
                (
                    [seat_id] => seat_6787f82b50e666.95624856
                    [label] => 2 vip
                    [price] => 0.5
                )

        )

    [paymentToken] => 426e5c72909608281cffb01652d12046
    [transactionId] => 4xZNQXjO6SWrAMm
)
Array
(
    [totalPrice] => 0.5
    [cart] => Array
        (
            [0] => Array
                (
                    [seat_id] => seat_6787f82b51c262.65890411
                    [label] => Regular
                    [price] => 0
                )

            [1] => Array
                (
                    [seat_id] => seat_6787f82b50e666.95624856
                    [label] => 2 vip
                    [price] => 0.5
                )

        )

    [paymentToken] => 8264dbccc4d994a69c5adfdb349e8a88
    [transactionId] => k7x1zBfMPRNCycs
)
Array
(
    [totalPrice] => 0.5
    [cart] => Array
        (
            [0] => Array
                (
                    [seat_id] => seat_6787f82b51c262.65890411
                    [label] => Regular
                    [price] => 0
                )

            [1] => Array
                (
                    [seat_id] => seat_6787f82b50e666.95624856
                    [label] => 2 vip
                    [price] => 0.5
                )

        )

    [paymentToken] => e41dcb5befff9adb64a0fe86e8e322d9
    [transactionId] => wJb4YGiRpIdt9UT
)
Array
(
    [totalPrice] => 0.5
    [cart] => Array
        (
            [0] => Array
                (
                    [seat_id] => seat_6787f82b51c262.65890411
                    [label] => Regular
                    [price] => 0
                )

            [1] => Array
                (
                    [seat_id] => seat_6787f82b50e666.95624856
                    [label] => 2 vip
                    [price] => 0.5
                )

        )

    [paymentToken] => 47fb0155891bc14c91896831a1fa6d82
    [transactionId] => bRnie7PptLEQHY4
)
Array
(
    [totalPrice] => 1
    [cart] => Array
        (
            [0] => Array
                (
                    [seat_id] => seat_6787f82b512537.24147527
                    [label] => 2 vip
                    [price] => 0.5
                )

            [1] => Array
                (
                    [seat_id] => seat_6787f82b518216.25987550
                    [label] => 2 vip
                    [price] => 0.5
                )

        )

    [paymentToken] => 235dd837ec09521ca7cd66f4ca468204
    [transactionId] => PnJO7LBEl6yijHr
)
Array
(
    [totalPrice] => 0.5
    [cart] => Array
        (
            [0] => Array
                (
                    [seat_id] => seat_6787f82b512537.24147527
                    [label] => 2 vip
                    [price] => 0.5
                )

        )

    [paymentToken] => 972632ed338724304d6c49d7da5c221c
    [transactionId] => 1VofhQ2qgt3GaWw
)
